app/build/intermediates/manifest_merge_blame_file/debug/manifest-merger-blame-debug-report.txt
1<?xml version="1.0" encoding="utf-8"?>
2<manifest xmlns:android="http://schemas.android.com/apk/res/android"
3    package="com.kyunggi.worker2"
4    android:versionCode="1"
5    android:versionName="1.0" >
6
7    <uses-sdk
8        android:minSdkVersion="24"
8-->src/main/AndroidManifest.xml
9        android:targetSdkVersion="30" />
9-->src/main/AndroidManifest.xml
10
11    <uses-permission android:name="android.permission.BLUETOOTH" />
11-->src/main/AndroidManifest.xml:4:2-65
11-->src/main/AndroidManifest.xml:4:19-62
12    <uses-permission android:name="android.permission.BLUETOOTH_ADMIN" />
12-->src/main/AndroidManifest.xml:5:2-71
12-->src/main/AndroidManifest.xml:5:19-68
13    <uses-permission android:name="android.permission.RECEIVE_BOOT_COMPLETED" />
13-->src/main/AndroidManifest.xml:6:2-78
13-->src/main/AndroidManifest.xml:6:19-75
14    <uses-permission android:name="android.permission.READ_EXTERNAL_STORAGE" />
14-->src/main/AndroidManifest.xml:7:2-77
14-->src/main/AndroidManifest.xml:7:19-74
15    <uses-permission android:name="android.permission.WRITE_EXTERNAL_STORAGE" />
15-->src/main/AndroidManifest.xml:8:2-78
15-->src/main/AndroidManifest.xml:8:19-75
16    <uses-permission android:name="android.permission.CAMERA" />
16-->src/main/AndroidManifest.xml:9:2-61
16-->src/main/AndroidManifest.xml:9:19-59
17    <uses-permission android:name="android.permission.INTERNET" />
17-->src/main/AndroidManifest.xml:10:2-63
17-->src/main/AndroidManifest.xml:10:19-61
18    <uses-permission android:name="android.permission.WAKE_LOCK" />
18-->src/main/AndroidManifest.xml:11:2-64
18-->src/main/AndroidManifest.xml:11:19-62
19    <uses-permission android:name="android.permission.RECORD_AUDIO" />
19-->src/main/AndroidManifest.xml:12:2-68
19-->src/main/AndroidManifest.xml:12:19-65
20    <uses-permission android:name="android.permission.ACCESS_WIFI_STATE" />
20-->src/main/AndroidManifest.xml:13:2-73
20-->src/main/AndroidManifest.xml:13:19-70
21    <uses-permission android:name="android.permission.ACCESS_NETWORK_STATE" />
21-->src/main/AndroidManifest.xml:14:2-76
21-->src/main/AndroidManifest.xml:14:19-73
22    <uses-permission android:name="android.permission.PACKAGE_USAGE_STATS" />
22-->src/main/AndroidManifest.xml:15:2-74
22-->src/main/AndroidManifest.xml:15:19-72
23
24    <uses-feature android:name="android.hardware.camera" />
24-->src/main/AndroidManifest.xml:17:2-56
24-->src/main/AndroidManifest.xml:17:16-54
25    <uses-feature android:name="android.hardware.camera.autofocus" />
25-->src/main/AndroidManifest.xml:18:2-66
25-->src/main/AndroidManifest.xml:18:16-64
26    <uses-feature
26-->[com.journeyapps:zxing-android-embedded:4.1.0] AndroidManifest.xml:28:5-30:36
27        android:name="android.hardware.camera.front"
27-->[com.journeyapps:zxing-android-embedded:4.1.0] AndroidManifest.xml:29:9-53
28        android:required="false" />
28-->[com.journeyapps:zxing-android-embedded:4.1.0] AndroidManifest.xml:30:9-33
29    <uses-feature
29-->[com.journeyapps:zxing-android-embedded:4.1.0] AndroidManifest.xml:36:5-38:36
30        android:name="android.hardware.camera.flash"
30-->[com.journeyapps:zxing-android-embedded:4.1.0] AndroidManifest.xml:37:9-53
31        android:required="false" />
31-->[com.journeyapps:zxing-android-embedded:4.1.0] AndroidManifest.xml:38:9-33
32    <uses-feature
32-->[com.journeyapps:zxing-android-embedded:4.1.0] AndroidManifest.xml:39:5-41:36
33        android:name="android.hardware.screen.landscape"
33-->[com.journeyapps:zxing-android-embedded:4.1.0] AndroidManifest.xml:40:9-57
34        android:required="false" />
34-->[com.journeyapps:zxing-android-embedded:4.1.0] AndroidManifest.xml:41:9-33
35    <uses-feature
35-->[com.journeyapps:zxing-android-embedded:4.1.0] AndroidManifest.xml:42:5-44:36
36        android:name="android.hardware.wifi"
36-->[com.journeyapps:zxing-android-embedded:4.1.0] AndroidManifest.xml:43:9-45
37        android:required="false" />
37-->[com.journeyapps:zxing-android-embedded:4.1.0] AndroidManifest.xml:44:9-33
38
39    <application
39-->src/main/AndroidManifest.xml:19:5-80:19
40        android:allowBackup="true"
40-->src/main/AndroidManifest.xml:20:9-35
41        android:appComponentFactory="androidx.core.app.CoreComponentFactory"
41-->[androidx.core:core:1.3.0] AndroidManifest.xml:24:18-86
42        android:debuggable="true"
43        android:extractNativeLibs="false"
44        android:icon="@drawable/ic_launcher"
44-->src/main/AndroidManifest.xml:21:9-45
45        android:label="@string/app_name"
45-->src/main/AndroidManifest.xml:22:9-41
46        android:largeHeap="true"
46-->src/main/AndroidManifest.xml:25:3-27
47        android:resizeableActivity="true"
47-->src/main/AndroidManifest.xml:24:3-38
48        android:testOnly="true"
49        android:theme="@style/AppTheme" >
49-->src/main/AndroidManifest.xml:23:9-40
50        <activity
50-->src/main/AndroidManifest.xml:26:9-34:20
51            android:name="com.kyunggi.worker2.MainActivity"
51-->src/main/AndroidManifest.xml:27:13-41
52            android:label="@string/app_name" >
52-->src/main/AndroidManifest.xml:28:13-45
53            <intent-filter>
53-->src/main/AndroidManifest.xml:29:13-33:29
54                <action android:name="android.intent.action.MAIN" />
54-->src/main/AndroidManifest.xml:30:17-69
54-->src/main/AndroidManifest.xml:30:25-66
55
56                <category android:name="android.intent.category.LAUNCHER" />
56-->src/main/AndroidManifest.xml:32:17-77
56-->src/main/AndroidManifest.xml:32:27-74
57            </intent-filter>
58        </activity>
59        <activity
59-->src/main/AndroidManifest.xml:35:3-38:20
60            android:name="com.kyunggi.worker2.FileSelectorActivity"
60-->src/main/AndroidManifest.xml:36:13-49
61            android:label="@string/app_name" >
61-->src/main/AndroidManifest.xml:37:13-45
62        </activity>
63        <activity
63-->src/main/AndroidManifest.xml:39:3-42:20
64            android:name="com.kyunggi.worker2.PictureActivity"
64-->src/main/AndroidManifest.xml:40:13-44
65            android:label="@string/app_name" >
65-->src/main/AndroidManifest.xml:41:13-45
66        </activity>
67
68        <service android:name="com.kyunggi.worker2.BluetoothOPPService" />
68-->src/main/AndroidManifest.xml:43:3-50
68-->src/main/AndroidManifest.xml:43:12-47
69        <service android:name="com.kyunggi.worker2.WorkerService" />
69-->src/main/AndroidManifest.xml:44:3-44
69-->src/main/AndroidManifest.xml:44:12-41
70
71        <receiver
71-->src/main/AndroidManifest.xml:46:3-53:14
72            android:name="com.kyunggi.worker2.BootReceiver"
72-->src/main/AndroidManifest.xml:47:4-32
73            android:enabled="true"
73-->src/main/AndroidManifest.xml:48:4-26
74            android:exported="false" >
74-->src/main/AndroidManifest.xml:49:4-28
75            <intent-filter>
75-->src/main/AndroidManifest.xml:50:4-52:20
76                <action android:name="android.intent.action.BOOT_COMPLETED" />
76-->src/main/AndroidManifest.xml:51:5-67
76-->src/main/AndroidManifest.xml:51:13-64
77            </intent-filter>
78        </receiver>
79        <receiver
79-->src/main/AndroidManifest.xml:54:3-58:14
80            android:name="com.kyunggi.worker2.AlarmReceiver"
80-->src/main/AndroidManifest.xml:55:4-33
81            android:enabled="true"
81-->src/main/AndroidManifest.xml:56:4-26
82            android:exported="true" >
82-->src/main/AndroidManifest.xml:57:4-27
83        </receiver>
84        <receiver
84-->src/main/AndroidManifest.xml:59:3-67:14
85            android:name="com.kyunggi.worker2.BTOnOffreceiver"
85-->src/main/AndroidManifest.xml:59:13-44
86            android:enabled="true" >
86-->src/main/AndroidManifest.xml:60:4-26
87            <intent-filter>
87-->src/main/AndroidManifest.xml:61:4-66:20
88                <action android:name="android.bluetooth.adapter.action.STATE_CHANGED" />
88-->src/main/AndroidManifest.xml:62:5-77
88-->src/main/AndroidManifest.xml:62:13-74
89                <action android:name="android.bluetooth.adapter.action.CONNECTION_STATE_CHANGED" />
89-->src/main/AndroidManifest.xml:63:5-88
89-->src/main/AndroidManifest.xml:63:13-85
90                <action android:name="android.bluetooth.device.action.ACL_CONNECTED" />
90-->src/main/AndroidManifest.xml:64:5-76
90-->src/main/AndroidManifest.xml:64:13-73
91                <action android:name="android.bluetooth.device.action.ACL_DISCONNECTED" />
91-->src/main/AndroidManifest.xml:65:5-79
91-->src/main/AndroidManifest.xml:65:13-76
92            </intent-filter>
93        </receiver>
94        <receiver
94-->src/main/AndroidManifest.xml:68:3-77:14
95            android:name="com.kyunggi.worker2.ShutdownConfigAdminReceiver"
95-->src/main/AndroidManifest.xml:68:13-56
96            android:description="@string/sample_device_admin_description"
96-->src/main/AndroidManifest.xml:70:4-65
97            android:label="@string/sample_device_admin"
97-->src/main/AndroidManifest.xml:69:4-47
98            android:permission="android.permission.BIND_DEVICE_ADMIN" >
98-->src/main/AndroidManifest.xml:71:4-61
99            <meta-data
99-->src/main/AndroidManifest.xml:72:4-73:51
100                android:name="android.app.device_admin"
100-->src/main/AndroidManifest.xml:72:15-54
101                android:resource="@xml/device_admin_sample" />
101-->src/main/AndroidManifest.xml:73:5-48
102
103            <intent-filter>
103-->src/main/AndroidManifest.xml:74:4-76:20
104                <action android:name="android.app.action.DEVICE_ADMIN_ENABLED" />
104-->src/main/AndroidManifest.xml:75:5-70
104-->src/main/AndroidManifest.xml:75:13-67
105            </intent-filter>
106        </receiver>
107        <!-- meta-data android:name="com.google.android.gms.version" android:value="@integer/google_play_services_version" -->
108
109        <activity
109-->[com.journeyapps:zxing-android-embedded:4.1.0] AndroidManifest.xml:47:9-53:63
110            android:name="com.journeyapps.barcodescanner.CaptureActivity"
110-->[com.journeyapps:zxing-android-embedded:4.1.0] AndroidManifest.xml:48:13-74
111            android:clearTaskOnLaunch="true"
111-->[com.journeyapps:zxing-android-embedded:4.1.0] AndroidManifest.xml:49:13-45
112            android:screenOrientation="sensorLandscape"
112-->[com.journeyapps:zxing-android-embedded:4.1.0] AndroidManifest.xml:50:13-56
113            android:stateNotNeeded="true"
113-->[com.journeyapps:zxing-android-embedded:4.1.0] AndroidManifest.xml:51:13-42
114            android:theme="@style/zxing_CaptureTheme"
114-->[com.journeyapps:zxing-android-embedded:4.1.0] AndroidManifest.xml:52:13-54
115            android:windowSoftInputMode="stateAlwaysHidden" />
115-->[com.journeyapps:zxing-android-embedded:4.1.0] AndroidManifest.xml:53:13-60
116    </application>
117
118</manifest>